Running: C:\Xilinx\14.7\ISE_DS\ISE\bin\nt64\unwrapped\fuse.exe -intstyle ise -incremental -lib unisims_ver -lib unimacro_ver -lib xilinxcorelib_ver -o C:/Xilinx/Projects/CascadeLED/tb_cascadeled_isim_beh.exe -prj C:/Xilinx/Projects/CascadeLED/tb_cascadeled_beh.prj work.tb_cascadeled work.glbl 
ISim P.20131013 (signature 0x7708f090)
Number of CPUs detected in this system: 2
Turning on mult-threading, number of parallel sub-compilation jobs: 4 
Determining compilation order of HDL files
Analyzing Verilog file "C:/Xilinx/Projects/CascadeLED/CascadeLED.v" into library work
Analyzing Verilog file "C:/Xilinx/Projects/CascadeLED/tb_cascadeled.v" into library work
Analyzing Verilog file "C:/Xilinx/14.7/ISE_DS/ISE//verilog/src/glbl.v" into library work
Starting static elaboration
Completed static elaboration
Compiling module clock_div
Compiling module CascadeLED
Compiling module tb_cascadeled
Compiling module glbl
Time Resolution for simulation is 1ps.
Waiting for 2 sub-compilation(s) to finish...
Compiled 4 Verilog Units
Built simulation executable C:/Xilinx/Projects/CascadeLED/tb_cascadeled_isim_beh.exe
Fuse Memory Usage: 27012 KB
Fuse CPU Usage: 421 ms
